<?xml version="1.0" encoding="UTF-8"?>
<coverage generated="1763497061078" clover="3.2.0">
  <project timestamp="1763497061078" name="All files">
    <metrics statements="34" coveredstatements="25" conditionals="60" coveredconditionals="44" methods="21" coveredmethods="12" elements="115" coveredelements="81" complexity="0" loc="34" ncloc="34" packages="1" files="1" classes="1"/>
    <file name="Home.jsx" path="C:\Users\mg932\Desktop\GIt insight stox\InsightStox---Portfolio-analyzer-tracker-and-console\frontend\src\pages\Home.jsx">
      <metrics statements="34" coveredstatements="25" conditionals="60" coveredconditionals="44" methods="21" coveredmethods="12"/>
      <line num="21" count="1" type="stmt"/>
      <line num="24" count="14" type="stmt"/>
      <line num="25" count="14" type="stmt"/>
      <line num="26" count="14" type="stmt"/>
      <line num="31" count="2" type="cond" truecount="2" falsecount="0"/>
      <line num="34" count="3" type="cond" truecount="2" falsecount="0"/>
      <line num="35" count="2" type="stmt"/>
      <line num="38" count="9" type="stmt"/>
      <line num="39" count="9" type="stmt"/>
      <line num="40" count="9" type="stmt"/>
      <line num="41" count="2" type="stmt"/>
      <line num="43" count="7" type="stmt"/>
      <line num="44" count="7" type="stmt"/>
      <line num="48" count="14" type="stmt"/>
      <line num="50" count="14" type="stmt"/>
      <line num="51" count="9" type="stmt"/>
      <line num="52" count="9" type="stmt"/>
      <line num="53" count="9" type="cond" truecount="2" falsecount="0"/>
      <line num="56" count="14" type="stmt"/>
      <line num="85" count="1" type="stmt"/>
      <line num="114" count="2" type="cond" truecount="4" falsecount="2"/>
      <line num="130" count="1" type="stmt"/>
      <line num="136" count="1" type="cond" truecount="5" falsecount="1"/>
      <line num="152" count="0" type="stmt"/>
      <line num="159" count="0" type="cond" truecount="5" falsecount="1"/>
      <line num="176" count="0" type="stmt"/>
      <line num="183" count="0" type="cond" truecount="5" falsecount="1"/>
      <line num="200" count="0" type="stmt"/>
      <line num="284" count="2" type="stmt"/>
      <line num="297" count="0" type="stmt"/>
      <line num="310" count="0" type="stmt"/>
      <line num="323" count="0" type="stmt"/>
      <line num="336" count="0" type="stmt"/>
      <line num="352" count="1" type="stmt"/>
    </file>
  </project>
</coverage>
