{"C:\\Users\\mg932\\Desktop\\GIt insight stox\\InsightStox---Portfolio-analyzer-tracker-and-console\\frontend\\src\\pages\\Home.jsx": {"path":"C:\\Users\\mg932\\Desktop\\GIt insight stox\\InsightStox---Portfolio-analyzer-tracker-and-console\\frontend\\src\\pages\\Home.jsx","statementMap":{"0":{"start":{"line":21,"column":20},"end":{"line":373,"column":null}},"1":{"start":{"line":24,"column":32},"end":{"line":24,"column":null}},"2":{"start":{"line":25,"column":32},"end":{"line":25,"column":null}},"3":{"start":{"line":26,"column":38},"end":{"line":26,"column":null}},"4":{"start":{"line":31,"column":4},"end":{"line":31,"column":null}},"5":{"start":{"line":34,"column":4},"end":{"line":34,"column":null}},"6":{"start":{"line":34,"column":34},"end":{"line":34,"column":null}},"7":{"start":{"line":35,"column":4},"end":{"line":35,"column":null}},"8":{"start":{"line":38,"column":4},"end":{"line":45,"column":null}},"9":{"start":{"line":39,"column":6},"end":{"line":39,"column":null}},"10":{"start":{"line":40,"column":18},"end":{"line":40,"column":null}},"11":{"start":{"line":41,"column":6},"end":{"line":41,"column":null}},"12":{"start":{"line":43,"column":6},"end":{"line":43,"column":null}},"13":{"start":{"line":44,"column":6},"end":{"line":44,"column":null}},"14":{"start":{"line":48,"column":8},"end":{"line":48,"column":null}},"15":{"start":{"line":50,"column":2},"end":{"line":55,"column":null}},"16":{"start":{"line":51,"column":4},"end":{"line":54,"column":null}},"17":{"start":{"line":52,"column":20},"end":{"line":52,"column":null}},"18":{"start":{"line":53,"column":6},"end":{"line":53,"column":null}},"19":{"start":{"line":53,"column":17},"end":{"line":53,"column":null}},"20":{"start":{"line":56,"column":2},"end":{"line":371,"column":null}},"21":{"start":{"line":85,"column":47},"end":{"line":85,"column":89}},"22":{"start":{"line":85,"column":89},"end":{"line":85,"column":139}},"23":{"start":{"line":114,"column":146},"end":{"line":114,"column":null}},"24":{"start":{"line":130,"column":47},"end":{"line":130,"column":68}},"25":{"start":{"line":130,"column":68},"end":{"line":130,"column":90}},"26":{"start":{"line":136,"column":146},"end":{"line":136,"column":null}},"27":{"start":{"line":152,"column":47},"end":{"line":152,"column":68}},"28":{"start":{"line":152,"column":68},"end":{"line":152,"column":90}},"29":{"start":{"line":159,"column":147},"end":{"line":159,"column":null}},"30":{"start":{"line":176,"column":47},"end":{"line":176,"column":68}},"31":{"start":{"line":176,"column":68},"end":{"line":176,"column":90}},"32":{"start":{"line":183,"column":147},"end":{"line":183,"column":null}},"33":{"start":{"line":200,"column":47},"end":{"line":200,"column":68}},"34":{"start":{"line":200,"column":68},"end":{"line":200,"column":90}},"35":{"start":{"line":284,"column":64},"end":{"line":284,"column":null}},"36":{"start":{"line":297,"column":64},"end":{"line":297,"column":null}},"37":{"start":{"line":310,"column":64},"end":{"line":310,"column":null}},"38":{"start":{"line":323,"column":64},"end":{"line":323,"column":null}},"39":{"start":{"line":336,"column":64},"end":{"line":336,"column":null}},"40":{"start":{"line":352,"column":48},"end":{"line":352,"column":92}},"41":{"start":{"line":352,"column":92},"end":{"line":352,"column":142}}},"fnMap":{"0":{"name":"(anonymous_0)","decl":{"start":{"line":21,"column":20},"end":{"line":21,"column":26}},"loc":{"start":{"line":21,"column":26},"end":{"line":373,"column":null}},"line":21},"1":{"name":"toggleArrow","decl":{"start":{"line":30,"column":11},"end":{"line":30,"column":23}},"loc":{"start":{"line":30,"column":30},"end":{"line":32,"column":null}},"line":30},"2":{"name":"CardClick","decl":{"start":{"line":33,"column":11},"end":{"line":33,"column":21}},"loc":{"start":{"line":33,"column":33},"end":{"line":36,"column":null}},"line":33},"3":{"name":"checkToken","decl":{"start":{"line":37,"column":17},"end":{"line":37,"column":30}},"loc":{"start":{"line":37,"column":30},"end":{"line":46,"column":null}},"line":37},"4":{"name":"(anonymous_4)","decl":{"start":{"line":50,"column":12},"end":{"line":50,"column":18}},"loc":{"start":{"line":50,"column":18},"end":{"line":55,"column":5}},"line":50},"5":{"name":"(anonymous_5)","decl":{"start":{"line":51,"column":5},"end":{"line":51,"column":17}},"loc":{"start":{"line":51,"column":17},"end":{"line":54,"column":7}},"line":51},"6":{"name":"(anonymous_6)","decl":{"start":{"line":85,"column":40},"end":{"line":85,"column":46}},"loc":{"start":{"line":85,"column":46},"end":{"line":85,"column":null}},"line":85},"7":{"name":"(anonymous_7)","decl":{"start":{"line":114,"column":141},"end":{"line":114,"column":146}},"loc":{"start":{"line":114,"column":146},"end":{"line":114,"column":null}},"line":114},"8":{"name":"(anonymous_8)","decl":{"start":{"line":130,"column":39},"end":{"line":130,"column":40}},"loc":{"start":{"line":130,"column":46},"end":{"line":130,"column":93}},"line":130},"9":{"name":"(anonymous_9)","decl":{"start":{"line":136,"column":141},"end":{"line":136,"column":146}},"loc":{"start":{"line":136,"column":146},"end":{"line":136,"column":null}},"line":136},"10":{"name":"(anonymous_10)","decl":{"start":{"line":152,"column":39},"end":{"line":152,"column":40}},"loc":{"start":{"line":152,"column":46},"end":{"line":152,"column":93}},"line":152},"11":{"name":"(anonymous_11)","decl":{"start":{"line":159,"column":142},"end":{"line":159,"column":147}},"loc":{"start":{"line":159,"column":147},"end":{"line":159,"column":null}},"line":159},"12":{"name":"(anonymous_12)","decl":{"start":{"line":176,"column":39},"end":{"line":176,"column":40}},"loc":{"start":{"line":176,"column":46},"end":{"line":176,"column":93}},"line":176},"13":{"name":"(anonymous_13)","decl":{"start":{"line":183,"column":142},"end":{"line":183,"column":147}},"loc":{"start":{"line":183,"column":147},"end":{"line":183,"column":null}},"line":183},"14":{"name":"(anonymous_14)","decl":{"start":{"line":200,"column":39},"end":{"line":200,"column":40}},"loc":{"start":{"line":200,"column":46},"end":{"line":200,"column":93}},"line":200},"15":{"name":"(anonymous_15)","decl":{"start":{"line":284,"column":58},"end":{"line":284,"column":64}},"loc":{"start":{"line":284,"column":64},"end":{"line":284,"column":null}},"line":284},"16":{"name":"(anonymous_16)","decl":{"start":{"line":297,"column":58},"end":{"line":297,"column":64}},"loc":{"start":{"line":297,"column":64},"end":{"line":297,"column":null}},"line":297},"17":{"name":"(anonymous_17)","decl":{"start":{"line":310,"column":58},"end":{"line":310,"column":64}},"loc":{"start":{"line":310,"column":64},"end":{"line":310,"column":null}},"line":310},"18":{"name":"(anonymous_18)","decl":{"start":{"line":323,"column":58},"end":{"line":323,"column":64}},"loc":{"start":{"line":323,"column":64},"end":{"line":323,"column":null}},"line":323},"19":{"name":"(anonymous_19)","decl":{"start":{"line":336,"column":58},"end":{"line":336,"column":64}},"loc":{"start":{"line":336,"column":64},"end":{"line":336,"column":null}},"line":336},"20":{"name":"(anonymous_20)","decl":{"start":{"line":352,"column":41},"end":{"line":352,"column":47}},"loc":{"start":{"line":352,"column":47},"end":{"line":352,"column":null}},"line":352}},"branchMap":{"0":{"loc":{"start":{"line":31,"column":17},"end":{"line":31,"column":48}},"type":"cond-expr","locations":[{"start":{"line":31,"column":39},"end":{"line":31,"column":43}},{"start":{"line":31,"column":43},"end":{"line":31,"column":48}}],"line":31},"1":{"loc":{"start":{"line":34,"column":4},"end":{"line":34,"column":null}},"type":"if","locations":[{"start":{"line":34,"column":4},"end":{"line":34,"column":null}},{"start":{},"end":{}}],"line":34},"2":{"loc":{"start":{"line":53,"column":6},"end":{"line":53,"column":null}},"type":"if","locations":[{"start":{"line":53,"column":6},"end":{"line":53,"column":null}},{"start":{},"end":{}}],"line":53},"3":{"loc":{"start":{"line":111,"column":48},"end":{"line":111,"column":78}},"type":"cond-expr","locations":[{"start":{"line":111,"column":63},"end":{"line":111,"column":76}},{"start":{"line":111,"column":76},"end":{"line":111,"column":78}}],"line":111},"4":{"loc":{"start":{"line":114,"column":44},"end":{"line":114,"column":128}},"type":"cond-expr","locations":[{"start":{"line":114,"column":65},"end":{"line":114,"column":78}},{"start":{"line":114,"column":78},"end":{"line":114,"column":128}}],"line":114},"5":{"loc":{"start":{"line":114,"column":78},"end":{"line":114,"column":128}},"type":"cond-expr","locations":[{"start":{"line":114,"column":115},"end":{"line":114,"column":126}},{"start":{"line":114,"column":126},"end":{"line":114,"column":128}}],"line":114},"6":{"loc":{"start":{"line":114,"column":78},"end":{"line":114,"column":115}},"type":"binary-expr","locations":[{"start":{"line":114,"column":78},"end":{"line":114,"column":94}},{"start":{"line":114,"column":94},"end":{"line":114,"column":115}}],"line":114},"7":{"loc":{"start":{"line":128,"column":17},"end":{"line":131,"column":null}},"type":"binary-expr","locations":[{"start":{"line":128,"column":17},"end":{"line":128,"column":null}},{"start":{"line":129,"column":14},"end":{"line":131,"column":null}}],"line":128},"8":{"loc":{"start":{"line":136,"column":44},"end":{"line":136,"column":128}},"type":"cond-expr","locations":[{"start":{"line":136,"column":65},"end":{"line":136,"column":78}},{"start":{"line":136,"column":78},"end":{"line":136,"column":128}}],"line":136},"9":{"loc":{"start":{"line":136,"column":78},"end":{"line":136,"column":128}},"type":"cond-expr","locations":[{"start":{"line":136,"column":115},"end":{"line":136,"column":126}},{"start":{"line":136,"column":126},"end":{"line":136,"column":128}}],"line":136},"10":{"loc":{"start":{"line":136,"column":78},"end":{"line":136,"column":115}},"type":"binary-expr","locations":[{"start":{"line":136,"column":78},"end":{"line":136,"column":94}},{"start":{"line":136,"column":94},"end":{"line":136,"column":115}}],"line":136},"11":{"loc":{"start":{"line":150,"column":17},"end":{"line":153,"column":null}},"type":"binary-expr","locations":[{"start":{"line":150,"column":17},"end":{"line":150,"column":null}},{"start":{"line":151,"column":18},"end":{"line":153,"column":null}}],"line":150},"12":{"loc":{"start":{"line":159,"column":45},"end":{"line":159,"column":129}},"type":"cond-expr","locations":[{"start":{"line":159,"column":66},"end":{"line":159,"column":79}},{"start":{"line":159,"column":79},"end":{"line":159,"column":129}}],"line":159},"13":{"loc":{"start":{"line":159,"column":79},"end":{"line":159,"column":129}},"type":"cond-expr","locations":[{"start":{"line":159,"column":116},"end":{"line":159,"column":127}},{"start":{"line":159,"column":127},"end":{"line":159,"column":129}}],"line":159},"14":{"loc":{"start":{"line":159,"column":79},"end":{"line":159,"column":116}},"type":"binary-expr","locations":[{"start":{"line":159,"column":79},"end":{"line":159,"column":95}},{"start":{"line":159,"column":95},"end":{"line":159,"column":116}}],"line":159},"15":{"loc":{"start":{"line":174,"column":17},"end":{"line":177,"column":null}},"type":"binary-expr","locations":[{"start":{"line":174,"column":17},"end":{"line":174,"column":null}},{"start":{"line":175,"column":18},"end":{"line":177,"column":null}}],"line":174},"16":{"loc":{"start":{"line":183,"column":45},"end":{"line":183,"column":129}},"type":"cond-expr","locations":[{"start":{"line":183,"column":66},"end":{"line":183,"column":79}},{"start":{"line":183,"column":79},"end":{"line":183,"column":129}}],"line":183},"17":{"loc":{"start":{"line":183,"column":79},"end":{"line":183,"column":129}},"type":"cond-expr","locations":[{"start":{"line":183,"column":116},"end":{"line":183,"column":127}},{"start":{"line":183,"column":127},"end":{"line":183,"column":129}}],"line":183},"18":{"loc":{"start":{"line":183,"column":79},"end":{"line":183,"column":116}},"type":"binary-expr","locations":[{"start":{"line":183,"column":79},"end":{"line":183,"column":95}},{"start":{"line":183,"column":95},"end":{"line":183,"column":116}}],"line":183},"19":{"loc":{"start":{"line":198,"column":17},"end":{"line":201,"column":null}},"type":"binary-expr","locations":[{"start":{"line":198,"column":17},"end":{"line":198,"column":null}},{"start":{"line":199,"column":18},"end":{"line":201,"column":null}}],"line":198},"20":{"loc":{"start":{"line":285,"column":31},"end":{"line":285,"column":67}},"type":"cond-expr","locations":[{"start":{"line":285,"column":46},"end":{"line":285,"column":56}},{"start":{"line":285,"column":56},"end":{"line":285,"column":67}}],"line":285},"21":{"loc":{"start":{"line":289,"column":61},"end":{"line":289,"column":92}},"type":"cond-expr","locations":[{"start":{"line":289,"column":76},"end":{"line":289,"column":86}},{"start":{"line":289,"column":86},"end":{"line":289,"column":92}}],"line":289},"22":{"loc":{"start":{"line":298,"column":31},"end":{"line":298,"column":67}},"type":"cond-expr","locations":[{"start":{"line":298,"column":46},"end":{"line":298,"column":56}},{"start":{"line":298,"column":56},"end":{"line":298,"column":67}}],"line":298},"23":{"loc":{"start":{"line":302,"column":61},"end":{"line":302,"column":92}},"type":"cond-expr","locations":[{"start":{"line":302,"column":76},"end":{"line":302,"column":86}},{"start":{"line":302,"column":86},"end":{"line":302,"column":92}}],"line":302},"24":{"loc":{"start":{"line":311,"column":31},"end":{"line":311,"column":67}},"type":"cond-expr","locations":[{"start":{"line":311,"column":46},"end":{"line":311,"column":56}},{"start":{"line":311,"column":56},"end":{"line":311,"column":67}}],"line":311},"25":{"loc":{"start":{"line":315,"column":61},"end":{"line":315,"column":92}},"type":"cond-expr","locations":[{"start":{"line":315,"column":76},"end":{"line":315,"column":86}},{"start":{"line":315,"column":86},"end":{"line":315,"column":92}}],"line":315},"26":{"loc":{"start":{"line":324,"column":31},"end":{"line":324,"column":67}},"type":"cond-expr","locations":[{"start":{"line":324,"column":46},"end":{"line":324,"column":56}},{"start":{"line":324,"column":56},"end":{"line":324,"column":67}}],"line":324},"27":{"loc":{"start":{"line":328,"column":61},"end":{"line":328,"column":92}},"type":"cond-expr","locations":[{"start":{"line":328,"column":76},"end":{"line":328,"column":86}},{"start":{"line":328,"column":86},"end":{"line":328,"column":92}}],"line":328},"28":{"loc":{"start":{"line":337,"column":31},"end":{"line":337,"column":67}},"type":"cond-expr","locations":[{"start":{"line":337,"column":46},"end":{"line":337,"column":56}},{"start":{"line":337,"column":56},"end":{"line":337,"column":67}}],"line":337},"29":{"loc":{"start":{"line":341,"column":61},"end":{"line":341,"column":92}},"type":"cond-expr","locations":[{"start":{"line":341,"column":76},"end":{"line":341,"column":86}},{"start":{"line":341,"column":86},"end":{"line":341,"column":92}}],"line":341}},"s":{"0":1,"1":14,"2":14,"3":14,"4":2,"5":3,"6":1,"7":2,"8":9,"9":9,"10":9,"11":2,"12":7,"13":7,"14":14,"15":14,"16":9,"17":9,"18":9,"19":1,"20":14,"21":1,"22":1,"23":2,"24":1,"25":1,"26":1,"27":0,"28":0,"29":0,"30":0,"31":0,"32":0,"33":0,"34":0,"35":2,"36":0,"37":0,"38":0,"39":0,"40":1,"41":1},"f":{"0":14,"1":2,"2":3,"3":9,"4":9,"5":9,"6":1,"7":2,"8":1,"9":1,"10":0,"11":0,"12":0,"13":0,"14":0,"15":2,"16":0,"17":0,"18":0,"19":0,"20":1},"b":{"0":[1,1],"1":[1,2],"2":[1,8],"3":[2,12],"4":[2,12],"5":[0,12],"6":[12,0],"7":[14,2],"8":[0,14],"9":[2,12],"10":[14,2],"11":[14,0],"12":[0,14],"13":[2,12],"14":[14,2],"15":[14,0],"16":[0,14],"17":[2,12],"18":[14,2],"19":[14,0],"20":[1,13],"21":[1,13],"22":[0,14],"23":[0,14],"24":[0,14],"25":[0,14],"26":[0,14],"27":[0,14],"28":[0,14],"29":[0,14]},"meta":{"lastBranch":30,"lastFunction":21,"lastStatement":42,"seen":{"s:21:20:373:Infinity":0,"f:21:20:21:26":0,"s:24:32:24:Infinity":1,"s:25:32:25:Infinity":2,"s:26:38:26:Infinity":3,"f:30:11:30:23":1,"s:31:4:31:Infinity":4,"b:31:39:31:43:31:43:31:48":0,"f:33:11:33:21":2,"b:34:4:34:Infinity:undefined:undefined:undefined:undefined":1,"s:34:4:34:Infinity":5,"s:34:34:34:Infinity":6,"s:35:4:35:Infinity":7,"f:37:17:37:30":3,"s:38:4:45:Infinity":8,"s:39:6:39:Infinity":9,"s:40:18:40:Infinity":10,"s:41:6:41:Infinity":11,"s:43:6:43:Infinity":12,"s:44:6:44:Infinity":13,"s:48:8:48:Infinity":14,"s:50:2:55:Infinity":15,"f:50:12:50:18":4,"s:51:4:54:Infinity":16,"f:51:5:51:17":5,"s:52:20:52:Infinity":17,"b:53:6:53:Infinity:undefined:undefined:undefined:undefined":2,"s:53:6:53:Infinity":18,"s:53:17:53:Infinity":19,"s:56:2:371:Infinity":20,"f:85:40:85:46":6,"s:85:47:85:89":21,"s:85:89:85:139":22,"b:111:63:111:76:111:76:111:78":3,"b:114:65:114:78:114:78:114:128":4,"b:114:115:114:126:114:126:114:128":5,"b:114:78:114:94:114:94:114:115":6,"f:114:141:114:146":7,"s:114:146:114:Infinity":23,"b:128:17:128:Infinity:129:14:131:Infinity":7,"f:130:39:130:40":8,"s:130:47:130:68":24,"s:130:68:130:90":25,"b:136:65:136:78:136:78:136:128":8,"b:136:115:136:126:136:126:136:128":9,"b:136:78:136:94:136:94:136:115":10,"f:136:141:136:146":9,"s:136:146:136:Infinity":26,"b:150:17:150:Infinity:151:18:153:Infinity":11,"f:152:39:152:40":10,"s:152:47:152:68":27,"s:152:68:152:90":28,"b:159:66:159:79:159:79:159:129":12,"b:159:116:159:127:159:127:159:129":13,"b:159:79:159:95:159:95:159:116":14,"f:159:142:159:147":11,"s:159:147:159:Infinity":29,"b:174:17:174:Infinity:175:18:177:Infinity":15,"f:176:39:176:40":12,"s:176:47:176:68":30,"s:176:68:176:90":31,"b:183:66:183:79:183:79:183:129":16,"b:183:116:183:127:183:127:183:129":17,"b:183:79:183:95:183:95:183:116":18,"f:183:142:183:147":13,"s:183:147:183:Infinity":32,"b:198:17:198:Infinity:199:18:201:Infinity":19,"f:200:39:200:40":14,"s:200:47:200:68":33,"s:200:68:200:90":34,"f:284:58:284:64":15,"s:284:64:284:Infinity":35,"b:285:46:285:56:285:56:285:67":20,"b:289:76:289:86:289:86:289:92":21,"f:297:58:297:64":16,"s:297:64:297:Infinity":36,"b:298:46:298:56:298:56:298:67":22,"b:302:76:302:86:302:86:302:92":23,"f:310:58:310:64":17,"s:310:64:310:Infinity":37,"b:311:46:311:56:311:56:311:67":24,"b:315:76:315:86:315:86:315:92":25,"f:323:58:323:64":18,"s:323:64:323:Infinity":38,"b:324:46:324:56:324:56:324:67":26,"b:328:76:328:86:328:86:328:92":27,"f:336:58:336:64":19,"s:336:64:336:Infinity":39,"b:337:46:337:56:337:56:337:67":28,"b:341:76:341:86:341:86:341:92":29,"f:352:41:352:47":20,"s:352:48:352:92":40,"s:352:92:352:142":41}}}
}
